<?xml version="1.0" encoding="UTF-8"?>
<testsuite name="MyBinaryTreeTest" tests="1" skipped="0" failures="0" errors="0" timestamp="2020-12-04T12:19:17" hostname="DESKTOP-J9DM2GE" time="0.003">
  <properties/>
  <testcase name="givenNumbersAddedtoBinaryTreeShouldsearchelementReturn" classname="MyBinaryTreeTest" time="0.003"/>
  <system-out><![CDATA[]]></system-out>
  <system-err><![CDATA[]]></system-err>
</testsuite>
