<?xml version="1.0" encoding="UTF-8"?>
<testsuite name="MyBinaryTreeTest" tests="1" skipped="0" failures="0" errors="0" timestamp="2020-12-04T10:24:35" hostname="DESKTOP-J9DM2GE" time="0.009">
  <properties/>
  <testcase name="given3NumberswhenAddedToBinaryTreeShouldReturnSize" classname="MyBinaryTreeTest" time="0.009"/>
  <system-out><![CDATA[]]></system-out>
  <system-err><![CDATA[]]></system-err>
</testsuite>
